/*C2*/SET SCHEMA PUBLIC
INSERT INTO CONVERSATIONS VALUES(123613639,'127.0.0.1',444,'bla',1)
COMMIT
INSERT INTO MESSAGES VALUES(345,'gdjsgkde',TRUE,123613639,'2017-07-14 22:54:14.072000')
COMMIT
INSERT INTO MESSAGES VALUES(346,'test',TRUE,123613639,'2017-07-14 22:54:21.461000')
COMMIT
INSERT INTO MESSAGES VALUES(347,'test',TRUE,123613639,'2017-07-14 22:54:29.662000')
COMMIT
INSERT INTO MESSAGES VALUES(348,'test',TRUE,123613639,'2017-07-14 22:54:30.426000')
COMMIT
INSERT INTO MESSAGES VALUES(349,'test',TRUE,123613639,'2017-07-14 22:55:16.695000')
COMMIT
INSERT INTO MESSAGES VALUES(350,'test',TRUE,123613639,'2017-07-14 22:55:17.521000')
COMMIT
INSERT INTO CONVERSATIONS VALUES(362792650,'127.0.0.1',444,'bla',1)
COMMIT
INSERT INTO MESSAGES VALUES(351,'gsklgdf',TRUE,362792650,'2017-07-14 22:55:52.063000')
COMMIT
INSERT INTO MESSAGES VALUES(352,'test',TRUE,362792650,'2017-07-14 22:55:56.945000')
COMMIT
INSERT INTO MESSAGES VALUES(353,'test',TRUE,362792650,'2017-07-14 22:55:57.487000')
COMMIT
INSERT INTO MESSAGES VALUES(354,'test',TRUE,362792650,'2017-07-14 22:55:59.951000')
COMMIT
INSERT INTO MESSAGES VALUES(355,'1test',TRUE,362792650,'2017-07-14 22:56:01.749000')
COMMIT
INSERT INTO CONVERSATIONS VALUES(1774872521,'127.0.0.1',444,'bla',1)
COMMIT
INSERT INTO MESSAGES VALUES(356,'gmfklgdgfd',TRUE,1774872521,'2017-07-14 22:57:05.803000')
COMMIT
INSERT INTO MESSAGES VALUES(357,'1test',TRUE,1774872521,'2017-07-14 22:57:14.556000')
COMMIT
INSERT INTO MESSAGES VALUES(358,'1test',TRUE,1774872521,'2017-07-14 22:57:14.962000')
COMMIT
INSERT INTO MESSAGES VALUES(359,'2test',TRUE,1774872521,'2017-07-14 22:57:26.121000')
COMMIT
INSERT INTO CONVERSATIONS VALUES(1001401307,'127.0.0.1',444,'bla',1)
COMMIT
INSERT INTO MESSAGES VALUES(360,'gnfsklgdfd',TRUE,1001401307,'2017-07-14 23:06:30.307000')
COMMIT
INSERT INTO MESSAGES VALUES(361,'2testhtrutrrh',TRUE,1774872521,'2017-07-14 23:07:24.878000')
COMMIT
INSERT INTO CONVERSATIONS VALUES(1476104532,'127.0.0.1',444,'bla',1)
COMMIT
INSERT INTO MESSAGES VALUES(362,'gdmlsgsgfs',TRUE,1476104532,'2017-07-14 23:07:42.711000')
COMMIT
